[11/01/2022 15:06:18] Debug: Session id: ccf360a7-1140-4109-89bf-fd006d9f9322
[11/01/2022 15:06:18] Debug: Code Processor information: Name :SnowConvert, Version: 9.0.0.0
[11/01/2022 15:06:19] Debug: Getting license
[11/01/2022 15:06:19] Debug: License information
	Status: Failed
	Message: No active license available.
[11/01/2022 15:06:19] Info: Starting to validate parameters
[11/01/2022 15:06:19] Info: Parameters to validate: 
	Execution mode: Conversion
	LICENSE_KEY: a3372138-b87e-4a08-b929-3b48b24c63f1
[11/01/2022 15:06:19] Info: Validation of parameters: Success
[11/01/2022 15:06:19] Debug: Getting code descriptor
[11/01/2022 15:06:19] Debug: Code descriptor information
	Units: 51
	Units type: LOC
	All file bytes: 2141
	All found extensions: .sql,.dml,.ddl,.bteq,.btq,.fl,.fload,.ml,.mload,.mld,.tp,.tpump,.tpt
[11/01/2022 15:06:19] Debug: Calculating fingerprint
[11/01/2022 15:06:19] Debug: Fingerprint information Fingerprint(size=2141,projects=1)
[11/01/2022 15:06:19] Info: Starting to try to validate online license for execution
[11/01/2022 15:06:21] Debug: Getting license
[11/01/2022 15:06:21] Debug: License information
	Status: Failed
	Message: No active license available.
[11/01/2022 15:06:21] Debug: Starting the execution of the controller
[11/01/2022 15:06:22] Debug: Executing the worker: SnowConvert
[11/01/2022 15:06:36] Debug: Finished executing the worker: SnowConvert
[11/01/2022 15:06:38] Info: Controller execution ended
